<?xml version="1.0" encoding="UTF-8"?>
<testsuite name="AnimalsTest" tests="4" skipped="0" failures="0" errors="0" timestamp="2020-01-12T10:54:14" hostname="DESKTOP-RRI56AB" time="0.017">
  <properties/>
  <testcase name="TestDogEats()" classname="AnimalsTest" time="0.013"/>
  <testcase name="TestCatSound()" classname="AnimalsTest" time="0.0"/>
  <testcase name="TestDogSound()" classname="AnimalsTest" time="0.001"/>
  <testcase name="TestCatEats()" classname="AnimalsTest" time="0.001"/>
  <system-out><![CDATA[]]></system-out>
  <system-err><![CDATA[]]></system-err>
</testsuite>
